2022-03-10 16:42:23,041 INFO o.a.j.u.JMeterUtils: Setting Locale to en_EN
2022-03-10 16:42:23,055 INFO o.a.j.JMeter: Loading user properties from: C:\Tools\apache-jmeter-5.4.1\bin\user.properties
2022-03-10 16:42:23,056 INFO o.a.j.JMeter: Loading system properties from: C:\Tools\apache-jmeter-5.4.1\bin\system.properties
2022-03-10 16:42:23,064 INFO o.a.j.JMeter: Copyright (c) 1998-2021 The Apache Software Foundation
2022-03-10 16:42:23,065 INFO o.a.j.JMeter: Version 5.4.1
2022-03-10 16:42:23,065 INFO o.a.j.JMeter: java.version=1.8.0_302
2022-03-10 16:42:23,065 INFO o.a.j.JMeter: java.vm.name=OpenJDK 64-Bit Server VM
2022-03-10 16:42:23,065 INFO o.a.j.JMeter: os.name=Windows 10
2022-03-10 16:42:23,065 INFO o.a.j.JMeter: os.arch=amd64
2022-03-10 16:42:23,065 INFO o.a.j.JMeter: os.version=10.0
2022-03-10 16:42:23,066 INFO o.a.j.JMeter: file.encoding=Cp1252
2022-03-10 16:42:23,066 INFO o.a.j.JMeter: java.awt.headless=null
2022-03-10 16:42:23,066 INFO o.a.j.JMeter: Max memory     =1073741824
2022-03-10 16:42:23,066 INFO o.a.j.JMeter: Available Processors =16
2022-03-10 16:42:23,070 INFO o.a.j.JMeter: Default Locale=English (EN)
2022-03-10 16:42:23,071 INFO o.a.j.JMeter: JMeter  Locale=English (EN)
2022-03-10 16:42:23,071 INFO o.a.j.JMeter: JMeterHome=C:\Tools\apache-jmeter-5.4.1
2022-03-10 16:42:23,071 INFO o.a.j.JMeter: user.dir  =C:\Users\tsoares.DAS\OneDrive - PERFORCE SOFTWARE, INC\BlazeMeter\scripts\jmeter
2022-03-10 16:42:23,072 INFO o.a.j.JMeter: PWD       =C:\Users\tsoares.DAS\OneDrive - PERFORCE SOFTWARE, INC\BlazeMeter\scripts\jmeter
2022-03-10 16:42:23,073 INFO o.a.j.JMeter: IP: 192.168.15.9 Name: tsoares1121 FullName: tsoares1121
2022-03-10 16:42:23,177 INFO o.a.j.JMeter: Setting LAF to: com.github.weisj.darklaf.DarkLaf:com.github.weisj.darklaf.theme.DarculaTheme
2022-03-10 16:42:23,774 INFO o.a.j.JMeter: Loaded icon properties from org/apache/jmeter/images/icon.properties
2022-03-10 16:42:25,426 INFO o.a.j.JMeter: Loading file: C:\Users\tsoares.DAS\OneDrive - PERFORCE SOFTWARE, INC\BlazeMeter\scripts\jmeter\digitalbankloginlogoff_nocsv.jmx
2022-03-10 16:42:25,428 INFO o.a.j.s.FileServer: Default base='C:\Users\tsoares.DAS\OneDrive - PERFORCE SOFTWARE, INC\BlazeMeter\scripts\jmeter'
2022-03-10 16:42:25,429 INFO o.a.j.s.FileServer: Set new base='C:\Users\tsoares.DAS\OneDrive - PERFORCE SOFTWARE, INC\BlazeMeter\scripts\jmeter'
2022-03-10 16:42:25,589 INFO o.a.j.s.SaveService: Testplan (JMX) version: 2.2. Testlog (JTL) version: 2.2
2022-03-10 16:42:25,607 INFO o.a.j.s.SaveService: Using SaveService properties file encoding UTF-8
2022-03-10 16:42:25,609 INFO o.a.j.s.SaveService: Using SaveService properties version 5.0
2022-03-10 16:42:25,612 INFO o.a.j.s.SaveService: Loading file: C:\Users\tsoares.DAS\OneDrive - PERFORCE SOFTWARE, INC\BlazeMeter\scripts\jmeter\digitalbankloginlogoff_nocsv.jmx
2022-03-10 16:42:25,785 INFO o.a.j.p.h.c.CookieManager: Settings: Delete null: true Check: true Allow variable: true Save: false Prefix: COOKIE_
2022-03-10 16:42:25,787 INFO o.a.j.p.h.c.CacheManager: Will only cache the following methods: [GET]
2022-03-10 16:42:25,792 INFO o.a.j.p.h.s.HTTPSamplerBase: Parser for text/html is org.apache.jmeter.protocol.http.parser.LagartoBasedHtmlParser
2022-03-10 16:42:25,792 INFO o.a.j.p.h.s.HTTPSamplerBase: Parser for application/xhtml+xml is org.apache.jmeter.protocol.http.parser.LagartoBasedHtmlParser
2022-03-10 16:42:25,792 INFO o.a.j.p.h.s.HTTPSamplerBase: Parser for application/xml is org.apache.jmeter.protocol.http.parser.LagartoBasedHtmlParser
2022-03-10 16:42:25,792 INFO o.a.j.p.h.s.HTTPSamplerBase: Parser for text/xml is org.apache.jmeter.protocol.http.parser.LagartoBasedHtmlParser
2022-03-10 16:42:25,792 INFO o.a.j.p.h.s.HTTPSamplerBase: Parser for text/vnd.wap.wml is org.apache.jmeter.protocol.http.parser.RegexpHTMLParser
2022-03-10 16:42:25,792 INFO o.a.j.p.h.s.HTTPSamplerBase: Parser for text/css is org.apache.jmeter.protocol.http.parser.CssParser
2022-03-10 16:42:25,865 INFO o.a.j.s.FileServer: Set new base='C:\Users\tsoares.DAS\OneDrive - PERFORCE SOFTWARE, INC\BlazeMeter\scripts\jmeter'
2022-03-10 16:42:26,215 INFO o.j.r.JARSourceHTTP: Found cached repo
2022-03-10 16:42:26,441 INFO o.j.r.PluginManager: Plugins Status: [jpgc-graphs-basic=2.0, jpgc-casutg=2.10, jpgc-dummy=0.4, jpgc-plugins-manager=1.7, jmeter-core=5.4.1, jmeter-ftp=5.4.1, jmeter-http=5.4.1, jmeter-jdbc=5.4.1, jmeter-jms=5.4.1, jmeter-junit=5.4.1, jmeter-java=5.4.1, jmeter-ldap=5.4.1, jmeter-mail=5.4.1, jmeter-mongodb=5.4.1, jmeter-native=5.4.1, jmeter-tcp=5.4.1, jmeter-components=5.4.1]
2022-03-10 16:42:26,598 INFO o.a.j.s.SampleResult: Note: Sample TimeStamps are START times
2022-03-10 16:42:26,598 INFO o.a.j.s.SampleResult: sampleresult.default.encoding is set to ISO-8859-1
2022-03-10 16:42:26,598 INFO o.a.j.s.SampleResult: sampleresult.useNanoTime=true
2022-03-10 16:42:26,598 INFO o.a.j.s.SampleResult: sampleresult.nanoThreadSleep=5000
2022-03-10 16:42:26,798 INFO o.a.j.v.ViewResultsFullVisualizer: Add JavaFX to your Java installation if you want to use renderer: org.apache.jmeter.visualizers.RenderInBrowser
2022-03-10 16:45:53,704 INFO o.a.j.e.StandardJMeterEngine: Running the test!
2022-03-10 16:45:53,704 INFO o.a.j.s.SampleEvent: List of sample_variables: []
2022-03-10 16:45:53,704 INFO o.a.j.s.SampleEvent: List of sample_variables: []
2022-03-10 16:45:53,705 INFO o.a.j.e.u.CompoundVariable: Note: Function class names must contain the string: '.functions.'
2022-03-10 16:45:53,705 INFO o.a.j.e.u.CompoundVariable: Note: Function class names must not contain the string: '.gui.'
2022-03-10 16:45:53,982 INFO o.a.j.g.u.JMeterMenuBar: setRunning(true, *local*)
2022-03-10 16:45:53,983 INFO o.a.j.e.StandardJMeterEngine: Starting setUp thread groups
2022-03-10 16:45:53,983 INFO o.a.j.e.StandardJMeterEngine: Starting setUp ThreadGroup: 1 : setUp Thread Group 
2022-03-10 16:45:53,984 INFO o.a.j.e.StandardJMeterEngine: Starting 1 threads for group setUp Thread Group.
2022-03-10 16:45:53,984 INFO o.a.j.e.StandardJMeterEngine: Thread will continue on error
2022-03-10 16:45:53,984 INFO o.a.j.t.ThreadGroup: Starting thread group... number=1 threads=1 ramp-up=1 delayedStart=false
2022-03-10 16:45:53,987 INFO o.a.j.t.ThreadGroup: Started thread group number 1
2022-03-10 16:45:53,988 INFO o.a.j.e.StandardJMeterEngine: Waiting for all setup thread groups to exit
2022-03-10 16:45:53,989 INFO o.a.j.t.JMeterThread: Thread started: setUp Thread Group 1-1
2022-03-10 16:45:55,102 WARN o.a.j.p.j.s.J.Download CSV: **********************
2022-03-10 16:45:55,102 WARN o.a.j.p.j.s.J.Download CSV: Starting download
2022-03-10 16:45:55,236 WARN o.a.j.p.j.s.J.Download CSV: downloaded digitalbanklogin.csv
2022-03-10 16:45:55,243 WARN o.a.j.p.j.s.J.Download CSV: downloaded secondfile.csv
2022-03-10 16:45:55,243 WARN o.a.j.p.j.s.J.Download CSV: Download done
2022-03-10 16:45:55,243 WARN o.a.j.p.j.s.J.Download CSV: **********************
2022-03-10 16:45:55,243 INFO o.a.j.t.JMeterThread: Thread is done: setUp Thread Group 1-1
2022-03-10 16:45:55,243 INFO o.a.j.t.JMeterThread: Thread finished: setUp Thread Group 1-1
2022-03-10 16:45:55,244 INFO o.a.j.e.StandardJMeterEngine: All Setup Threads have ended
2022-03-10 16:45:55,407 INFO o.a.j.e.StandardJMeterEngine: Starting ThreadGroup: 1 : Test Setup
2022-03-10 16:45:55,407 INFO o.a.j.e.StandardJMeterEngine: Starting 3 threads for group Test Setup.
2022-03-10 16:45:55,407 INFO o.a.j.e.StandardJMeterEngine: Thread will continue on error
2022-03-10 16:45:55,408 INFO o.a.j.t.ThreadGroup: Starting thread group... number=1 threads=3 ramp-up=1 delayedStart=true
2022-03-10 16:45:55,409 INFO o.a.j.t.ThreadGroup: Started thread group number 1
2022-03-10 16:45:55,409 INFO o.a.j.e.StandardJMeterEngine: All thread groups have been started
2022-03-10 16:45:55,413 INFO o.a.j.t.JMeterThread: Thread started: Test Setup 1-1
2022-03-10 16:45:55,414 INFO o.a.j.s.FileServer: Stored: digitalbanklogin.csv
2022-03-10 16:45:55,421 INFO o.a.j.s.FileServer: Stored: secondfile.csv
2022-03-10 16:45:55,435 INFO o.a.j.p.h.s.HTTPHCAbstractImpl: Local host = tsoares1121
2022-03-10 16:45:55,440 INFO o.a.j.p.h.s.HTTPHC4Impl: HTTP request retry count = 0
2022-03-10 16:45:55,474 INFO o.a.j.p.h.s.h.LazyLayeredConnectionSocketFactory: Setting up HTTPS TrustAll Socket Factory
2022-03-10 16:45:55,476 INFO o.a.j.u.JsseSSLManager: Using default SSL protocol: TLS
2022-03-10 16:45:55,476 INFO o.a.j.u.JsseSSLManager: SSL session context: per-thread
2022-03-10 16:45:55,479 INFO o.a.j.u.SSLManager: JmeterKeyStore Location:  type JKS
2022-03-10 16:45:55,480 INFO o.a.j.u.SSLManager: KeyStore created OK
2022-03-10 16:45:55,480 WARN o.a.j.u.SSLManager: Keystore file not found, loading empty keystore
2022-03-10 16:45:55,522 INFO o.a.j.p.h.p.BaseParser: Created org.apache.jmeter.protocol.http.parser.LagartoBasedHtmlParser
2022-03-10 16:45:55,572 INFO o.a.j.p.h.s.ResourcesDownloader: Creating ResourcesDownloader with keepalive_inseconds : 60
2022-03-10 16:45:55,662 INFO o.a.j.p.h.p.BaseParser: Created org.apache.jmeter.protocol.http.parser.CssParser
2022-03-10 16:45:55,662 INFO o.a.j.p.h.p.BaseParser: Created org.apache.jmeter.protocol.http.parser.CssParser
2022-03-10 16:45:55,662 INFO o.a.j.p.h.p.BaseParser: Created org.apache.jmeter.protocol.http.parser.CssParser
2022-03-10 16:45:55,662 INFO o.a.j.p.h.p.BaseParser: Created org.apache.jmeter.protocol.http.parser.CssParser
2022-03-10 16:45:55,662 INFO o.a.j.p.h.p.BaseParser: Created org.apache.jmeter.protocol.http.parser.CssParser
2022-03-10 16:45:55,662 INFO o.a.j.p.h.p.BaseParser: Created org.apache.jmeter.protocol.http.parser.CssParser
2022-03-10 16:45:55,917 INFO o.a.j.t.JMeterThread: Thread started: Test Setup 1-2
2022-03-10 16:45:56,418 INFO o.a.j.t.JMeterThread: Thread started: Test Setup 1-3
2022-03-10 16:45:57,853 INFO o.a.j.t.JMeterThread: Thread is done: Test Setup 1-2
2022-03-10 16:45:57,853 INFO o.a.j.t.JMeterThread: Thread finished: Test Setup 1-2
2022-03-10 16:45:57,939 INFO o.a.j.t.JMeterThread: Thread is done: Test Setup 1-1
2022-03-10 16:45:57,940 INFO o.a.j.t.JMeterThread: Thread finished: Test Setup 1-1
2022-03-10 16:45:57,988 INFO o.a.j.t.JMeterThread: Thread is done: Test Setup 1-3
2022-03-10 16:45:57,988 INFO o.a.j.t.JMeterThread: Thread finished: Test Setup 1-3
2022-03-10 16:45:57,990 INFO o.a.j.e.StandardJMeterEngine: Starting tearDown thread groups
2022-03-10 16:45:57,990 INFO o.a.j.e.StandardJMeterEngine: Starting tearDown ThreadGroup: 1 : tearDown Thread Group
2022-03-10 16:45:57,990 INFO o.a.j.e.StandardJMeterEngine: Starting 1 threads for group tearDown Thread Group.
2022-03-10 16:45:57,990 INFO o.a.j.e.StandardJMeterEngine: Thread will continue on error
2022-03-10 16:45:57,990 INFO o.a.j.t.ThreadGroup: Starting thread group... number=1 threads=1 ramp-up=1 delayedStart=false
2022-03-10 16:45:57,991 INFO o.a.j.t.ThreadGroup: Started thread group number 1
2022-03-10 16:45:57,991 INFO o.a.j.t.JMeterThread: Thread started: tearDown Thread Group 1-1
2022-03-10 16:45:58,062 INFO o.a.j.t.JMeterThread: Thread is done: tearDown Thread Group 1-1
2022-03-10 16:45:58,062 INFO o.a.j.t.JMeterThread: Thread finished: tearDown Thread Group 1-1
2022-03-10 16:45:58,063 INFO o.a.j.e.StandardJMeterEngine: Notifying test listeners of end of test
2022-03-10 16:45:58,063 INFO o.a.j.s.FileServer: Close: digitalbanklogin.csv
2022-03-10 16:45:58,063 INFO o.a.j.s.FileServer: Close: secondfile.csv
2022-03-10 16:45:58,064 INFO o.a.j.g.u.JMeterMenuBar: setRunning(false, *local*)
